Started GET "/" for ::1 at 2020-03-26 10:45:49 +0900
  [1m[35m (5.3ms)[0m  [1m[34mSELECT sqlite_version(*)[0m
Processing by Rails::WelcomeController#index as HTML
  Rendering /Users/t.sakuma/.rbenv/versions/2.6.5/lib/ruby/gems/2.6.0/gems/railties-6.0.2.2/lib/rails/templates/rails/welcome/index.html.erb
  Rendered /Users/t.sakuma/.rbenv/versions/2.6.5/lib/ruby/gems/2.6.0/gems/railties-6.0.2.2/lib/rails/templates/rails/welcome/index.html.erb (Duration: 18.1ms | Allocations: 482)
Completed 200 OK in 49ms (Views: 30.6ms | ActiveRecord: 0.0ms | Allocations: 3050)


Started GET "/" for ::1 at 2020-03-26 10:53:55 +0900
  [1m[35m (0.7ms)[0m  [1m[34mSELECT sqlite_version(*)[0m
Processing by ApplicationController#hello as HTML
  Rendering html template
  Rendered html template (Duration: 0.0ms | Allocations: 5)
Completed 200 OK in 9ms (Views: 4.6ms | ActiveRecord: 0.0ms | Allocations: 1350)


Started GET "/" for ::1 at 2020-03-26 10:55:41 +0900
  [1m[35m (0.1ms)[0m  [1m[34mSELECT sqlite_version(*)[0m
Processing by ApplicationController#hello as HTML
  Rendering html template
  Rendered html template (Duration: 0.0ms | Allocations: 3)
Completed 200 OK in 2ms (Views: 1.3ms | ActiveRecord: 0.0ms | Allocations: 558)


Started GET "/" for ::1 at 2020-03-26 10:57:09 +0900
  [1m[35m (0.2ms)[0m  [1m[34mSELECT sqlite_version(*)[0m
Processing by ApplicationController#goodbye as HTML
  Rendering html template
  Rendered html template (Duration: 0.0ms | Allocations: 3)
Completed 200 OK in 2ms (Views: 0.9ms | ActiveRecord: 0.0ms | Allocations: 562)


